-------------------------------------------------------------------------------
Test set: TestSuite
-------------------------------------------------------------------------------
Tests run: 4, Failures: 1, Errors: 0, Skipped: 0, Time elapsed: 19.761 sec <<< FAILURE! - in TestSuite
verifyGooglePageTittle2(com.google.tests.CopyOfGoogleHomePageTest)  Time elapsed: 4.733 sec  <<< FAILURE!
java.lang.AssertionError: expected [Facebook –a log in or sign up] but found [Facebook – log in or sign up]
	at com.google.tests.CopyOfGoogleHomePageTest.verifyGooglePageTittle2(CopyOfGoogleHomePageTest.java:13)

