<?xml version="1.0" encoding="UTF-8"?>
<testsuite xmlns:xsi="http://www.w3.org/2001/XMLSchema-instance" xsi:schemaLocation="https://maven.apache.org/surefire/maven-surefire-plugin/xsd/surefire-test-report.xsd" name="TestSuite" time="19.761" tests="4" errors="0" skipped="0" failures="1">
  <properties>
[...]
</properties>
  <testcase name="verifyGooglePageTittle" classname="com.google.tests.GoogleHomePageTest" time="2.23"/>
  <testcase name="verifyGooglePageTittle1" classname="com.google.tests.GoogleHomePageTest" time="3.599"/>
  <testcase name="verifyGooglePageTittle2" classname="com.google.tests.CopyOfGoogleHomePageTest" time="4.733">
    <failure message="expected [Facebook –a log in or sign up] but found [Facebook – log in or sign up]" type="java.lang.AssertionError">java.lang.AssertionError: expected [Facebook –a log in or sign up] but found [Facebook – log in or sign up]
	at com.google.tests.CopyOfGoogleHomePageTest.verifyGooglePageTittle2(CopyOfGoogleHomePageTest.java:13)
</failure>
    <system-out><![CDATA[Test passed verifyGooglePageTittle1
Test Started verifyGooglePageTittle2
Facebook – log in or sign up
]]></system-out>
  </testcase>
  <testcase name="verifyGooglePageTittle3" classname="com.google.tests.CopyOfGoogleHomePageTest" time="1.143"/>
</testsuite>